<?xml version="1.0" encoding="UTF-8"?>
<!-- Generated by org.testng.reporters.JUnitReportReporter -->
<testsuite hostname="Eduard-Ubuntu" failures="0" tests="2" name="TestAddAssignment" time="0.057" errors="0" timestamp="2022-04-15T08:41:04 EEST" skipped="0">
  <testcase classname="TestAddAssignment" name="testAddInvalidAssignment" time="0.004"/>
  <system-out/>
  <testcase classname="TestAddAssignment" name="testAddAssignmentSuccessfully" time="0.053"/>
  <system-out/>
</testsuite> <!-- TestAddAssignment -->
